d:\vs\snake\snake\debug\vc142.pdb
d:\vs\snake\snake\debug\vc142.idb
d:\vs\snake\snake\debug\snakebody.obj
d:\vs\snake\snake\debug\snake.obj
d:\vs\snake\snake\debug\node.obj
d:\vs\snake\snake\debug\map.obj
d:\vs\snake\snake\debug\image.obj
d:\vs\snake\snake\debug\globalvar.obj
d:\vs\snake\snake\debug\food.obj
d:\vs\snake\snake\debug\coord.obj
d:\vs\snake\snake\debug\io.obj
d:\vs\snake\debug\snake.ilk
d:\vs\snake\debug\snake.exe
d:\vs\snake\debug\snake.pdb
d:\vs\snake\snake\debug\food.obj.enc
d:\vs\snake\snake\debug\io.obj.enc
d:\vs\snake\snake\debug\snakebody.obj.enc
d:\vs\snake\snake\debug\snake.tlog\cl.command.1.tlog
d:\vs\snake\snake\debug\snake.tlog\cl.read.1.tlog
d:\vs\snake\snake\debug\snake.tlog\cl.write.1.tlog
d:\vs\snake\snake\debug\snake.tlog\link.command.1.tlog
d:\vs\snake\snake\debug\snake.tlog\link.read.1.tlog
d:\vs\snake\snake\debug\snake.tlog\link.write.1.tlog
